2023-09-30 14:03:16,700 [restartedMain] INFO  com.nt.JrtpMiniProject3Application                 - Starting JrtpMiniProject3Application using Java 17 with PID 3660 (C:\Users\91789\eclipse-workspace-2\JRTP-MiniProject-3\target\classes started by 91789 in C:\Users\91789\eclipse-workspace-2\JRTP-MiniProject-3)
2023-09-30 14:03:16,705 [restartedMain] INFO  com.nt.JrtpMiniProject3Application                 - No active profile set, falling back to 1 default profile: "default"
2023-09-30 14:03:16,814 [restartedMain] INFO  o.s.b.d.e.DevToolsPropertyDefaultsPostProcessor    - Devtools property defaults active! Set 'spring.devtools.add-properties' to 'false' to disable
2023-09-30 14:03:16,814 [restartedMain] INFO  o.s.b.d.e.DevToolsPropertyDefaultsPostProcessor    - For additional web related logging consider setting the 'logging.level.web' property to 'DEBUG'
2023-09-30 14:03:17,657 [restartedMain] INFO  o.s.d.r.c.RepositoryConfigurationDelegate          - Bootstrapping Spring Data JPA repositories in DEFAULT mode.
2023-09-30 14:03:17,759 [restartedMain] INFO  o.s.d.r.c.RepositoryConfigurationDelegate          - Finished Spring Data repository scanning in 90 ms. Found 5 JPA repository interfaces.
2023-09-30 14:03:18,682 [restartedMain] INFO  o.s.b.w.embedded.tomcat.TomcatWebServer            - Tomcat initialized with port(s): 8080 (http)
2023-09-30 14:03:18,696 [restartedMain] INFO  o.apache.coyote.http11.Http11NioProtocol           - Initializing ProtocolHandler ["http-nio-8080"]
2023-09-30 14:03:18,701 [restartedMain] INFO  o.apache.catalina.core.StandardService             - Starting service [Tomcat]
2023-09-30 14:03:18,702 [restartedMain] INFO  org.apache.catalina.core.StandardEngine            - Starting Servlet engine: [Apache Tomcat/10.1.13]
2023-09-30 14:03:18,955 [restartedMain] INFO  o.a.c.c.C.[Tomcat].[localhost].[/]                 - Initializing Spring embedded WebApplicationContext
2023-09-30 14:03:18,956 [restartedMain] INFO  o.s.b.w.s.c.ServletWebServerApplicationContext     - Root WebApplicationContext: initialization completed in 2140 ms
2023-09-30 14:03:19,191 [restartedMain] INFO  o.hibernate.jpa.internal.util.LogHelper            - HHH000204: Processing PersistenceUnitInfo [name: default]
2023-09-30 14:03:19,277 [restartedMain] INFO  org.hibernate.Version                              - HHH000412: Hibernate ORM core version 6.2.9.Final
2023-09-30 14:03:19,280 [restartedMain] INFO  org.hibernate.cfg.Environment                      - HHH000406: Using bytecode reflection optimizer
2023-09-30 14:03:19,445 [restartedMain] INFO  o.h.b.internal.BytecodeProviderInitiator           - HHH000021: Bytecode provider name : bytebuddy
2023-09-30 14:03:19,586 [restartedMain] INFO  o.s.o.j.p.SpringPersistenceUnitInfo                - No LoadTimeWeaver setup: ignoring JPA class transformer
2023-09-30 14:03:19,611 [restartedMain] INFO  com.zaxxer.hikari.HikariDataSource                 - HikariPool-1 - Starting...
2023-09-30 14:03:20,098 [restartedMain] INFO  com.zaxxer.hikari.pool.HikariPool                  - HikariPool-1 - Added connection com.mysql.cj.jdbc.ConnectionImpl@5ec055ad
2023-09-30 14:03:20,102 [restartedMain] INFO  com.zaxxer.hikari.HikariDataSource                 - HikariPool-1 - Start completed.
2023-09-30 14:03:20,622 [restartedMain] WARN  org.hibernate.orm.deprecation                      - HHH90000026: MySQL8Dialect has been deprecated; use org.hibernate.dialect.MySQLDialect instead
2023-09-30 14:03:20,925 [restartedMain] INFO  o.h.b.internal.BytecodeProviderInitiator           - HHH000021: Bytecode provider name : bytebuddy
2023-09-30 14:03:21,782 [restartedMain] INFO  o.h.e.t.j.p.i.JtaPlatformInitiator                 - HHH000490: Using JtaPlatform implementation: [org.hibernate.engine.transaction.jta.platform.internal.NoJtaPlatform]
2023-09-30 14:03:22,155 [restartedMain] INFO  o.s.o.j.LocalContainerEntityManagerFactoryBean     - Initialized JPA EntityManagerFactory for persistence unit 'default'
2023-09-30 14:03:22,578 [restartedMain] INFO  o.s.d.j.r.query.QueryEnhancerFactory               - Hibernate is in classpath; If applicable, HQL parser will be used.
2023-09-30 14:03:23,179 [restartedMain] WARN  o.s.b.a.o.j.JpaBaseConfiguration$JpaWebConfiguration - spring.jpa.open-in-view is enabled by default. Therefore, database queries may be performed during view rendering. Explicitly configure spring.jpa.open-in-view to disable this warning
2023-09-30 14:03:23,665 [restartedMain] INFO  o.s.b.d.a.OptionalLiveReloadServer                 - LiveReload server is running on port 35729
2023-09-30 14:03:23,682 [restartedMain] INFO  o.apache.coyote.http11.Http11NioProtocol           - Starting ProtocolHandler ["http-nio-8080"]
2023-09-30 14:03:23,714 [restartedMain] INFO  o.s.b.w.embedded.tomcat.TomcatWebServer            - Tomcat started on port(s): 8080 (http) with context path ''
2023-09-30 14:03:23,728 [restartedMain] INFO  com.nt.JrtpMiniProject3Application                 - Started JrtpMiniProject3Application in 7.463 seconds (process running for 8.321)
2023-09-30 14:03:43,108 [http-nio-8080-exec-1] INFO  o.a.c.c.C.[Tomcat].[localhost].[/]                 - Initializing Spring DispatcherServlet 'dispatcherServlet'
2023-09-30 14:03:43,108 [http-nio-8080-exec-1] INFO  o.s.web.servlet.DispatcherServlet                  - Initializing Servlet 'dispatcherServlet'
2023-09-30 14:03:43,111 [http-nio-8080-exec-1] INFO  o.s.web.servlet.DispatcherServlet                  - Completed initialization in 2 ms
2023-09-30 14:03:43,184 [http-nio-8080-exec-1] INFO  com.nt.controller.UserController                   - login page is executed
2023-09-30 14:03:54,881 [http-nio-8080-exec-2] INFO  com.nt.service.UserServiceImpl                     - existByMail mthod is executed from service
2023-09-30 14:03:55,450 [http-nio-8080-exec-2] INFO  com.nt.service.UserServiceImpl                     - findByMail mthod is executed from service
2023-09-30 14:03:56,119 [http-nio-8080-exec-2] INFO  com.nt.controller.UserController                   - welcome page is executed
2023-09-30 14:03:57,961 [http-nio-8080-exec-3] INFO  com.nt.controller.UserController                   - logout activitie done
2023-09-30 14:03:57,977 [http-nio-8080-exec-4] INFO  com.nt.controller.UserController                   - login page is executed
2023-09-30 14:03:59,172 [http-nio-8080-exec-5] INFO  com.nt.service.UserServiceImpl                     - getAllContry() mthod is executed from service
2023-09-30 14:03:59,182 [http-nio-8080-exec-5] INFO  com.nt.service.UserServiceImpl                     - getAllState mthod is executed from service
2023-09-30 14:03:59,190 [http-nio-8080-exec-5] INFO  com.nt.service.UserServiceImpl                     - getAllCity mthod is executed from service
2023-09-30 14:03:59,197 [http-nio-8080-exec-5] INFO  com.nt.controller.UserController                   - acount is registering
2023-09-30 14:04:10,534 [http-nio-8080-exec-6] INFO  com.nt.service.UserServiceImpl                     - copyData mthod is executed from service
2023-09-30 14:04:10,535 [http-nio-8080-exec-6] INFO  com.nt.service.UserServiceImpl                     - existByMail mthod is executed from service
2023-09-30 14:04:10,547 [http-nio-8080-exec-6] INFO  com.nt.service.UserServiceImpl                     - getAllContry() mthod is executed from service
2023-09-30 14:04:10,553 [http-nio-8080-exec-6] INFO  com.nt.service.UserServiceImpl                     - getAllState mthod is executed from service
2023-09-30 14:04:10,556 [http-nio-8080-exec-6] INFO  com.nt.service.UserServiceImpl                     - getAllCity mthod is executed from service
2023-09-30 14:04:10,559 [http-nio-8080-exec-6] INFO  com.nt.controller.UserController                   - account created with userwardhan778@gmail.com
